==6424== Memcheck, a memory error detector
==6424== Copyright (C) 2002-2017, and GNU GPL'd, by Julian Seward et al.
==6424== Using Valgrind-3.15.0-608cb11914-20190413 and LibVEX; rerun with -h for copyright info
==6424== Command: ./projetjeu
==6424== Parent PID: 2071
==6424== 
--6424-- 
--6424-- Valgrind options:
--6424--    -v
--6424--    --tool=memcheck
--6424--    --leak-check=full
--6424--    --num-callers=40
--6424--    --log-file=valgrind.log
--6424-- Contents of /proc/version:
--6424--   Linux version 5.3.0-26-generic (buildd@lgw01-amd64-013) (gcc version 9.2.1 20191008 (Ubuntu 9.2.1-9ubuntu2)) #28-Ubuntu SMP Wed Dec 18 05:37:46 UTC 2019
--6424-- 
--6424-- Arch and hwcaps: AMD64, LittleEndian, amd64-cx16-lzcnt-rdtscp-sse3-ssse3-avx
--6424-- Page sizes: currently 4096, max supported 4096
--6424-- Valgrind library directory: /snap/valgrind/46/usr/lib/valgrind
--6424-- Reading syms from /home/jeanne/Documents/imacwar/projetjeu
--6424-- Reading syms from /usr/lib/x86_64-linux-gnu/ld-2.30.so
--6424--   Considering /usr/lib/x86_64-linux-gnu/ld-2.30.so ..
--6424--   .. CRC mismatch (computed ff246dee wanted d35d27d8)
--6424--    object doesn't have a symbol table

valgrind:  Fatal error at startup: a function redirection
valgrind:  which is mandatory for this platform-tool combination
valgrind:  cannot be set up.  Details of the redirection are:
valgrind:  
valgrind:  A must-be-redirected function
valgrind:  whose name matches the pattern:      strlen
valgrind:  in an object with soname matching:   ld-linux-x86-64.so.2
valgrind:  was not found whilst processing
valgrind:  symbols from the object with soname: ld-linux-x86-64.so.2
valgrind:  
valgrind:  Possible fixes: (1, short term): install glibc's debuginfo
valgrind:  package on this machine.  (2, longer term): ask the packagers
valgrind:  for your Linux distribution to please in future ship a non-
valgrind:  stripped ld.so (or whatever the dynamic linker .so is called)
valgrind:  that exports the above-named function using the standard
valgrind:  calling conventions for this platform.  The package you need
valgrind:  to install for fix (1) is called
valgrind:  
valgrind:    On Debian, Ubuntu:                 libc6-dbg
valgrind:    On SuSE, openSuSE, Fedora, RHEL:   glibc-debuginfo
valgrind:  
valgrind:  Note that if you are debugging a 32 bit process on a
valgrind:  64 bit system, you will need a corresponding 32 bit debuginfo
valgrind:  package (e.g. libc6-dbg:i386).
valgrind:  
valgrind:  Cannot continue -- exiting now.  Sorry.

